<?xml version="1.0" encoding="UTF-8"?>
<testsuite xmlns:xsi="http://www.w3.org/2001/XMLSchema-instance" xsi:noNamespaceSchemaLocation="https://maven.apache.org/surefire/maven-surefire-plugin/xsd/surefire-test-report-3.0.xsd" version="3.0" name="com.testproject.blogapp.BlogAppApplicationTests" time="27.479" tests="1" errors="0" skipped="0" failures="0">
  <properties>
    <property name="java.specification.version" value="21"/>
    <property name="sun.cpu.isalist" value="amd64"/>
    <property name="sun.jnu.encoding" value="Cp1252"/>
    <property name="java.class.path" value="F:\BlogApp-Springboot-React-blushie\BlogApp-Springboot-React-blushie\blog-app-backend\target\test-classes;F:\BlogApp-Springboot-React-blushie\BlogApp-Springboot-React-blushie\blog-app-backend\target\classes;E:\maven\apache-maven-3.9.6-bin\apache-maven-3.9.6\repo\org\springframework\boot\spring-boot-starter-data-jpa\3.1.3\spring-boot-starter-data-jpa-3.1.3.jar;E:\maven\apache-maven-3.9.6-bin\apache-maven-3.9.6\repo\org\springframework\boot\spring-boot-starter-aop\3.1.3\spring-boot-starter-aop-3.1.3.jar;E:\maven\apache-maven-3.9.6-bin\apache-maven-3.9.6\repo\org\aspectj\aspectjweaver\1.9.20\aspectjweaver-1.9.20.jar;E:\maven\apache-maven-3.9.6-bin\apache-maven-3.9.6\repo\org\springframework\boot\spring-boot-starter-jdbc\3.1.3\spring-boot-starter-jdbc-3.1.3.jar;E:\maven\apache-maven-3.9.6-bin\apache-maven-3.9.6\repo\com\zaxxer\HikariCP\5.0.1\HikariCP-5.0.1.jar;E:\maven\apache-maven-3.9.6-bin\apache-maven-3.9.6\repo\org\springframework\spring-jdbc\6.0.11\spring-jdbc-6.0.11.jar;E:\maven\apache-maven-3.9.6-bin\apache-maven-3.9.6\repo\org\hibernate\orm\hibernate-core\6.2.7.Final\hibernate-core-6.2.7.Final.jar;E:\maven\apache-maven-3.9.6-bin\apache-maven-3.9.6\repo\jakarta\persistence\jakarta.persistence-api\3.1.0\jakarta.persistence-api-3.1.0.jar;E:\maven\apache-maven-3.9.6-bin\apache-maven-3.9.6\repo\jakarta\transaction\jakarta.transaction-api\2.0.1\jakarta.transaction-api-2.0.1.jar;E:\maven\apache-maven-3.9.6-bin\apache-maven-3.9.6\repo\org\jboss\logging\jboss-logging\3.5.3.Final\jboss-logging-3.5.3.Final.jar;E:\maven\apache-maven-3.9.6-bin\apache-maven-3.9.6\repo\org\hibernate\common\hibernate-commons-annotations\6.0.6.Final\hibernate-commons-annotations-6.0.6.Final.jar;E:\maven\apache-maven-3.9.6-bin\apache-maven-3.9.6\repo\io\smallrye\jandex\3.0.5\jandex-3.0.5.jar;E:\maven\apache-maven-3.9.6-bin\apache-maven-3.9.6\repo\com\fasterxml\classmate\1.5.1\classmate-1.5.1.jar;E:\maven\apache-maven-3.9.6-bin\apache-maven-3.9.6\repo\net\bytebuddy\byte-buddy\1.14.6\byte-buddy-1.14.6.jar;E:\maven\apache-maven-3.9.6-bin\apache-maven-3.9.6\repo\org\glassfish\jaxb\jaxb-runtime\4.0.3\jaxb-runtime-4.0.3.jar;E:\maven\apache-maven-3.9.6-bin\apache-maven-3.9.6\repo\org\glassfish\jaxb\jaxb-core\4.0.3\jaxb-core-4.0.3.jar;E:\maven\apache-maven-3.9.6-bin\apache-maven-3.9.6\repo\org\glassfish\jaxb\txw2\4.0.3\txw2-4.0.3.jar;E:\maven\apache-maven-3.9.6-bin\apache-maven-3.9.6\repo\com\sun\istack\istack-commons-runtime\4.1.2\istack-commons-runtime-4.1.2.jar;E:\maven\apache-maven-3.9.6-bin\apache-maven-3.9.6\repo\jakarta\inject\jakarta.inject-api\2.0.1\jakarta.inject-api-2.0.1.jar;E:\maven\apache-maven-3.9.6-bin\apache-maven-3.9.6\repo\org\antlr\antlr4-runtime\4.10.1\antlr4-runtime-4.10.1.jar;E:\maven\apache-maven-3.9.6-bin\apache-maven-3.9.6\repo\org\springframework\data\spring-data-jpa\3.1.3\spring-data-jpa-3.1.3.jar;E:\maven\apache-maven-3.9.6-bin\apache-maven-3.9.6\repo\org\springframework\data\spring-data-commons\3.1.3\spring-data-commons-3.1.3.jar;E:\maven\apache-maven-3.9.6-bin\apache-maven-3.9.6\repo\org\springframework\spring-orm\6.0.11\spring-orm-6.0.11.jar;E:\maven\apache-maven-3.9.6-bin\apache-maven-3.9.6\repo\org\springframework\spring-context\6.0.11\spring-context-6.0.11.jar;E:\maven\apache-maven-3.9.6-bin\apache-maven-3.9.6\repo\org\springframework\spring-tx\6.0.11\spring-tx-6.0.11.jar;E:\maven\apache-maven-3.9.6-bin\apache-maven-3.9.6\repo\org\springframework\spring-beans\6.0.11\spring-beans-6.0.11.jar;E:\maven\apache-maven-3.9.6-bin\apache-maven-3.9.6\repo\jakarta\annotation\jakarta.annotation-api\2.1.1\jakarta.annotation-api-2.1.1.jar;E:\maven\apache-maven-3.9.6-bin\apache-maven-3.9.6\repo\org\slf4j\slf4j-api\2.0.7\slf4j-api-2.0.7.jar;E:\maven\apache-maven-3.9.6-bin\apache-maven-3.9.6\repo\org\springframework\spring-aspects\6.0.11\spring-aspects-6.0.11.jar;E:\maven\apache-maven-3.9.6-bin\apache-maven-3.9.6\repo\org\springframework\boot\spring-boot-starter-web\3.1.3\spring-boot-starter-web-3.1.3.jar;E:\maven\apache-maven-3.9.6-bin\apache-maven-3.9.6\repo\org\springframework\boot\spring-boot-starter\3.1.3\spring-boot-starter-3.1.3.jar;E:\maven\apache-maven-3.9.6-bin\apache-maven-3.9.6\repo\org\springframework\boot\spring-boot\3.1.3\spring-boot-3.1.3.jar;E:\maven\apache-maven-3.9.6-bin\apache-maven-3.9.6\repo\org\springframework\boot\spring-boot-autoconfigure\3.1.3\spring-boot-autoconfigure-3.1.3.jar;E:\maven\apache-maven-3.9.6-bin\apache-maven-3.9.6\repo\org\springframework\boot\spring-boot-starter-logging\3.1.3\spring-boot-starter-logging-3.1.3.jar;E:\maven\apache-maven-3.9.6-bin\apache-maven-3.9.6\repo\ch\qos\logback\logback-classic\1.4.11\logback-classic-1.4.11.jar;E:\maven\apache-maven-3.9.6-bin\apache-maven-3.9.6\repo\ch\qos\logback\logback-core\1.4.11\logback-core-1.4.11.jar;E:\maven\apache-maven-3.9.6-bin\apache-maven-3.9.6\repo\org\apache\logging\log4j\log4j-to-slf4j\2.20.0\log4j-to-slf4j-2.20.0.jar;E:\maven\apache-maven-3.9.6-bin\apache-maven-3.9.6\repo\org\apache\logging\log4j\log4j-api\2.20.0\log4j-api-2.20.0.jar;E:\maven\apache-maven-3.9.6-bin\apache-maven-3.9.6\repo\org\slf4j\jul-to-slf4j\2.0.7\jul-to-slf4j-2.0.7.jar;E:\maven\apache-maven-3.9.6-bin\apache-maven-3.9.6\repo\org\yaml\snakeyaml\1.33\snakeyaml-1.33.jar;E:\maven\apache-maven-3.9.6-bin\apache-maven-3.9.6\repo\org\springframework\boot\spring-boot-starter-json\3.1.3\spring-boot-starter-json-3.1.3.jar;E:\maven\apache-maven-3.9.6-bin\apache-maven-3.9.6\repo\com\fasterxml\jackson\datatype\jackson-datatype-jdk8\2.15.2\jackson-datatype-jdk8-2.15.2.jar;E:\maven\apache-maven-3.9.6-bin\apache-maven-3.9.6\repo\com\fasterxml\jackson\datatype\jackson-datatype-jsr310\2.15.2\jackson-datatype-jsr310-2.15.2.jar;E:\maven\apache-maven-3.9.6-bin\apache-maven-3.9.6\repo\com\fasterxml\jackson\module\jackson-module-parameter-names\2.15.2\jackson-module-parameter-names-2.15.2.jar;E:\maven\apache-maven-3.9.6-bin\apache-maven-3.9.6\repo\org\springframework\boot\spring-boot-starter-tomcat\3.1.3\spring-boot-starter-tomcat-3.1.3.jar;E:\maven\apache-maven-3.9.6-bin\apache-maven-3.9.6\repo\org\apache\tomcat\embed\tomcat-embed-core\10.1.12\tomcat-embed-core-10.1.12.jar;E:\maven\apache-maven-3.9.6-bin\apache-maven-3.9.6\repo\org\apache\tomcat\embed\tomcat-embed-el\10.1.12\tomcat-embed-el-10.1.12.jar;E:\maven\apache-maven-3.9.6-bin\apache-maven-3.9.6\repo\org\apache\tomcat\embed\tomcat-embed-websocket\10.1.12\tomcat-embed-websocket-10.1.12.jar;E:\maven\apache-maven-3.9.6-bin\apache-maven-3.9.6\repo\org\springframework\spring-web\6.0.11\spring-web-6.0.11.jar;E:\maven\apache-maven-3.9.6-bin\apache-maven-3.9.6\repo\io\micrometer\micrometer-observation\1.11.3\micrometer-observation-1.11.3.jar;E:\maven\apache-maven-3.9.6-bin\apache-maven-3.9.6\repo\io\micrometer\micrometer-commons\1.11.3\micrometer-commons-1.11.3.jar;E:\maven\apache-maven-3.9.6-bin\apache-maven-3.9.6\repo\org\springframework\spring-webmvc\6.0.11\spring-webmvc-6.0.11.jar;E:\maven\apache-maven-3.9.6-bin\apache-maven-3.9.6\repo\org\springframework\spring-expression\6.0.11\spring-expression-6.0.11.jar;E:\maven\apache-maven-3.9.6-bin\apache-maven-3.9.6\repo\com\mysql\mysql-connector-j\8.0.33\mysql-connector-j-8.0.33.jar;E:\maven\apache-maven-3.9.6-bin\apache-maven-3.9.6\repo\org\projectlombok\lombok\1.18.30\lombok-1.18.30.jar;E:\maven\apache-maven-3.9.6-bin\apache-maven-3.9.6\repo\org\springframework\boot\spring-boot-starter-test\3.1.3\spring-boot-starter-test-3.1.3.jar;E:\maven\apache-maven-3.9.6-bin\apache-maven-3.9.6\repo\org\springframework\boot\spring-boot-test\3.1.3\spring-boot-test-3.1.3.jar;E:\maven\apache-maven-3.9.6-bin\apache-maven-3.9.6\repo\org\springframework\boot\spring-boot-test-autoconfigure\3.1.3\spring-boot-test-autoconfigure-3.1.3.jar;E:\maven\apache-maven-3.9.6-bin\apache-maven-3.9.6\repo\com\jayway\jsonpath\json-path\2.8.0\json-path-2.8.0.jar;E:\maven\apache-maven-3.9.6-bin\apache-maven-3.9.6\repo\jakarta\xml\bind\jakarta.xml.bind-api\4.0.0\jakarta.xml.bind-api-4.0.0.jar;E:\maven\apache-maven-3.9.6-bin\apache-maven-3.9.6\repo\jakarta\activation\jakarta.activation-api\2.1.2\jakarta.activation-api-2.1.2.jar;E:\maven\apache-maven-3.9.6-bin\apache-maven-3.9.6\repo\net\minidev\json-smart\2.4.11\json-smart-2.4.11.jar;E:\maven\apache-maven-3.9.6-bin\apache-maven-3.9.6\repo\net\minidev\accessors-smart\2.4.11\accessors-smart-2.4.11.jar;E:\maven\apache-maven-3.9.6-bin\apache-maven-3.9.6\repo\org\ow2\asm\asm\9.3\asm-9.3.jar;E:\maven\apache-maven-3.9.6-bin\apache-maven-3.9.6\repo\org\assertj\assertj-core\3.24.2\assertj-core-3.24.2.jar;E:\maven\apache-maven-3.9.6-bin\apache-maven-3.9.6\repo\org\hamcrest\hamcrest\2.2\hamcrest-2.2.jar;E:\maven\apache-maven-3.9.6-bin\apache-maven-3.9.6\repo\org\junit\jupiter\junit-jupiter\5.9.3\junit-jupiter-5.9.3.jar;E:\maven\apache-maven-3.9.6-bin\apache-maven-3.9.6\repo\org\junit\jupiter\junit-jupiter-api\5.9.3\junit-jupiter-api-5.9.3.jar;E:\maven\apache-maven-3.9.6-bin\apache-maven-3.9.6\repo\org\opentest4j\opentest4j\1.2.0\opentest4j-1.2.0.jar;E:\maven\apache-maven-3.9.6-bin\apache-maven-3.9.6\repo\org\junit\platform\junit-platform-commons\1.9.3\junit-platform-commons-1.9.3.jar;E:\maven\apache-maven-3.9.6-bin\apache-maven-3.9.6\repo\org\apiguardian\apiguardian-api\1.1.2\apiguardian-api-1.1.2.jar;E:\maven\apache-maven-3.9.6-bin\apache-maven-3.9.6\repo\org\junit\jupiter\junit-jupiter-params\5.9.3\junit-jupiter-params-5.9.3.jar;E:\maven\apache-maven-3.9.6-bin\apache-maven-3.9.6\repo\org\junit\jupiter\junit-jupiter-engine\5.9.3\junit-jupiter-engine-5.9.3.jar;E:\maven\apache-maven-3.9.6-bin\apache-maven-3.9.6\repo\org\junit\platform\junit-platform-engine\1.9.3\junit-platform-engine-1.9.3.jar;E:\maven\apache-maven-3.9.6-bin\apache-maven-3.9.6\repo\org\mockito\mockito-core\5.3.1\mockito-core-5.3.1.jar;E:\maven\apache-maven-3.9.6-bin\apache-maven-3.9.6\repo\net\bytebuddy\byte-buddy-agent\1.14.6\byte-buddy-agent-1.14.6.jar;E:\maven\apache-maven-3.9.6-bin\apache-maven-3.9.6\repo\org\objenesis\objenesis\3.3\objenesis-3.3.jar;E:\maven\apache-maven-3.9.6-bin\apache-maven-3.9.6\repo\org\mockito\mockito-junit-jupiter\5.3.1\mockito-junit-jupiter-5.3.1.jar;E:\maven\apache-maven-3.9.6-bin\apache-maven-3.9.6\repo\org\skyscreamer\jsonassert\1.5.1\jsonassert-1.5.1.jar;E:\maven\apache-maven-3.9.6-bin\apache-maven-3.9.6\repo\com\vaadin\external\google\android-json\0.0.20131108.vaadin1\android-json-0.0.20131108.vaadin1.jar;E:\maven\apache-maven-3.9.6-bin\apache-maven-3.9.6\repo\org\springframework\spring-core\6.0.11\spring-core-6.0.11.jar;E:\maven\apache-maven-3.9.6-bin\apache-maven-3.9.6\repo\org\springframework\spring-jcl\6.0.11\spring-jcl-6.0.11.jar;E:\maven\apache-maven-3.9.6-bin\apache-maven-3.9.6\repo\org\springframework\spring-test\6.0.11\spring-test-6.0.11.jar;E:\maven\apache-maven-3.9.6-bin\apache-maven-3.9.6\repo\org\xmlunit\xmlunit-core\2.9.1\xmlunit-core-2.9.1.jar;E:\maven\apache-maven-3.9.6-bin\apache-maven-3.9.6\repo\org\springframework\boot\spring-boot-starter-security\3.1.3\spring-boot-starter-security-3.1.3.jar;E:\maven\apache-maven-3.9.6-bin\apache-maven-3.9.6\repo\org\springframework\spring-aop\6.0.11\spring-aop-6.0.11.jar;E:\maven\apache-maven-3.9.6-bin\apache-maven-3.9.6\repo\org\springframework\security\spring-security-config\6.1.3\spring-security-config-6.1.3.jar;E:\maven\apache-maven-3.9.6-bin\apache-maven-3.9.6\repo\org\springframework\security\spring-security-web\6.1.3\spring-security-web-6.1.3.jar;E:\maven\apache-maven-3.9.6-bin\apache-maven-3.9.6\repo\io\jsonwebtoken\jjwt-api\0.11.5\jjwt-api-0.11.5.jar;E:\maven\apache-maven-3.9.6-bin\apache-maven-3.9.6\repo\io\jsonwebtoken\jjwt-impl\0.11.5\jjwt-impl-0.11.5.jar;E:\maven\apache-maven-3.9.6-bin\apache-maven-3.9.6\repo\io\jsonwebtoken\jjwt-jackson\0.11.5\jjwt-jackson-0.11.5.jar;E:\maven\apache-maven-3.9.6-bin\apache-maven-3.9.6\repo\com\fasterxml\jackson\core\jackson-databind\2.15.2\jackson-databind-2.15.2.jar;E:\maven\apache-maven-3.9.6-bin\apache-maven-3.9.6\repo\com\fasterxml\jackson\core\jackson-annotations\2.15.2\jackson-annotations-2.15.2.jar;E:\maven\apache-maven-3.9.6-bin\apache-maven-3.9.6\repo\com\fasterxml\jackson\core\jackson-core\2.15.2\jackson-core-2.15.2.jar;E:\maven\apache-maven-3.9.6-bin\apache-maven-3.9.6\repo\org\springframework\security\spring-security-test\6.1.3\spring-security-test-6.1.3.jar;E:\maven\apache-maven-3.9.6-bin\apache-maven-3.9.6\repo\org\springframework\security\spring-security-core\6.1.3\spring-security-core-6.1.3.jar;E:\maven\apache-maven-3.9.6-bin\apache-maven-3.9.6\repo\org\springframework\security\spring-security-crypto\6.1.3\spring-security-crypto-6.1.3.jar;E:\maven\apache-maven-3.9.6-bin\apache-maven-3.9.6\repo\com\cloudinary\cloudinary-http44\1.33.0\cloudinary-http44-1.33.0.jar;E:\maven\apache-maven-3.9.6-bin\apache-maven-3.9.6\repo\com\cloudinary\cloudinary-core\1.33.0\cloudinary-core-1.33.0.jar;E:\maven\apache-maven-3.9.6-bin\apache-maven-3.9.6\repo\org\apache\commons\commons-lang3\3.12.0\commons-lang3-3.12.0.jar;E:\maven\apache-maven-3.9.6-bin\apache-maven-3.9.6\repo\org\apache\httpcomponents\httpclient\4.4\httpclient-4.4.jar;E:\maven\apache-maven-3.9.6-bin\apache-maven-3.9.6\repo\org\apache\httpcomponents\httpcore\4.4.16\httpcore-4.4.16.jar;E:\maven\apache-maven-3.9.6-bin\apache-maven-3.9.6\repo\commons-logging\commons-logging\1.2\commons-logging-1.2.jar;E:\maven\apache-maven-3.9.6-bin\apache-maven-3.9.6\repo\commons-codec\commons-codec\1.15\commons-codec-1.15.jar;E:\maven\apache-maven-3.9.6-bin\apache-maven-3.9.6\repo\org\apache\httpcomponents\httpmime\4.4\httpmime-4.4.jar;E:\maven\apache-maven-3.9.6-bin\apache-maven-3.9.6\repo\org\postgresql\postgresql\42.6.0\postgresql-42.6.0.jar;E:\maven\apache-maven-3.9.6-bin\apache-maven-3.9.6\repo\org\checkerframework\checker-qual\3.31.0\checker-qual-3.31.0.jar;E:\maven\apache-maven-3.9.6-bin\apache-maven-3.9.6\repo\org\springframework\boot\spring-boot-starter-mail\3.1.3\spring-boot-starter-mail-3.1.3.jar;E:\maven\apache-maven-3.9.6-bin\apache-maven-3.9.6\repo\org\springframework\spring-context-support\6.0.11\spring-context-support-6.0.11.jar;E:\maven\apache-maven-3.9.6-bin\apache-maven-3.9.6\repo\org\eclipse\angus\jakarta.mail\1.1.0\jakarta.mail-1.1.0.jar;E:\maven\apache-maven-3.9.6-bin\apache-maven-3.9.6\repo\org\eclipse\angus\angus-activation\2.0.1\angus-activation-2.0.1.jar;"/>
    <property name="java.vm.vendor" value="Oracle Corporation"/>
    <property name="sun.arch.data.model" value="64"/>
    <property name="user.variant" value=""/>
    <property name="java.vendor.url" value="https://java.oracle.com/"/>
    <property name="user.timezone" value="Asia/Calcutta"/>
    <property name="org.jboss.logging.provider" value="slf4j"/>
    <property name="os.name" value="Windows 10"/>
    <property name="java.vm.specification.version" value="21"/>
    <property name="sun.java.launcher" value="SUN_STANDARD"/>
    <property name="user.country" value="US"/>
    <property name="sun.boot.library.path" value="C:\Program Files\Java\jdk-21\bin"/>
    <property name="sun.java.command" value="C:\Users\kashyap.rajodiya\AppData\Local\Temp\surefire6965875418121109205\surefirebooter-20240228162116586_3.jar C:\Users\kashyap.rajodiya\AppData\Local\Temp\surefire6965875418121109205 2024-02-28T16-21-16_369-jvmRun1 surefire-20240228162116586_1tmp surefire_0-20240228162116586_2tmp"/>
    <property name="jdk.debug" value="release"/>
    <property name="surefire.test.class.path" value="F:\BlogApp-Springboot-React-blushie\BlogApp-Springboot-React-blushie\blog-app-backend\target\test-classes;F:\BlogApp-Springboot-React-blushie\BlogApp-Springboot-React-blushie\blog-app-backend\target\classes;E:\maven\apache-maven-3.9.6-bin\apache-maven-3.9.6\repo\org\springframework\boot\spring-boot-starter-data-jpa\3.1.3\spring-boot-starter-data-jpa-3.1.3.jar;E:\maven\apache-maven-3.9.6-bin\apache-maven-3.9.6\repo\org\springframework\boot\spring-boot-starter-aop\3.1.3\spring-boot-starter-aop-3.1.3.jar;E:\maven\apache-maven-3.9.6-bin\apache-maven-3.9.6\repo\org\aspectj\aspectjweaver\1.9.20\aspectjweaver-1.9.20.jar;E:\maven\apache-maven-3.9.6-bin\apache-maven-3.9.6\repo\org\springframework\boot\spring-boot-starter-jdbc\3.1.3\spring-boot-starter-jdbc-3.1.3.jar;E:\maven\apache-maven-3.9.6-bin\apache-maven-3.9.6\repo\com\zaxxer\HikariCP\5.0.1\HikariCP-5.0.1.jar;E:\maven\apache-maven-3.9.6-bin\apache-maven-3.9.6\repo\org\springframework\spring-jdbc\6.0.11\spring-jdbc-6.0.11.jar;E:\maven\apache-maven-3.9.6-bin\apache-maven-3.9.6\repo\org\hibernate\orm\hibernate-core\6.2.7.Final\hibernate-core-6.2.7.Final.jar;E:\maven\apache-maven-3.9.6-bin\apache-maven-3.9.6\repo\jakarta\persistence\jakarta.persistence-api\3.1.0\jakarta.persistence-api-3.1.0.jar;E:\maven\apache-maven-3.9.6-bin\apache-maven-3.9.6\repo\jakarta\transaction\jakarta.transaction-api\2.0.1\jakarta.transaction-api-2.0.1.jar;E:\maven\apache-maven-3.9.6-bin\apache-maven-3.9.6\repo\org\jboss\logging\jboss-logging\3.5.3.Final\jboss-logging-3.5.3.Final.jar;E:\maven\apache-maven-3.9.6-bin\apache-maven-3.9.6\repo\org\hibernate\common\hibernate-commons-annotations\6.0.6.Final\hibernate-commons-annotations-6.0.6.Final.jar;E:\maven\apache-maven-3.9.6-bin\apache-maven-3.9.6\repo\io\smallrye\jandex\3.0.5\jandex-3.0.5.jar;E:\maven\apache-maven-3.9.6-bin\apache-maven-3.9.6\repo\com\fasterxml\classmate\1.5.1\classmate-1.5.1.jar;E:\maven\apache-maven-3.9.6-bin\apache-maven-3.9.6\repo\net\bytebuddy\byte-buddy\1.14.6\byte-buddy-1.14.6.jar;E:\maven\apache-maven-3.9.6-bin\apache-maven-3.9.6\repo\org\glassfish\jaxb\jaxb-runtime\4.0.3\jaxb-runtime-4.0.3.jar;E:\maven\apache-maven-3.9.6-bin\apache-maven-3.9.6\repo\org\glassfish\jaxb\jaxb-core\4.0.3\jaxb-core-4.0.3.jar;E:\maven\apache-maven-3.9.6-bin\apache-maven-3.9.6\repo\org\glassfish\jaxb\txw2\4.0.3\txw2-4.0.3.jar;E:\maven\apache-maven-3.9.6-bin\apache-maven-3.9.6\repo\com\sun\istack\istack-commons-runtime\4.1.2\istack-commons-runtime-4.1.2.jar;E:\maven\apache-maven-3.9.6-bin\apache-maven-3.9.6\repo\jakarta\inject\jakarta.inject-api\2.0.1\jakarta.inject-api-2.0.1.jar;E:\maven\apache-maven-3.9.6-bin\apache-maven-3.9.6\repo\org\antlr\antlr4-runtime\4.10.1\antlr4-runtime-4.10.1.jar;E:\maven\apache-maven-3.9.6-bin\apache-maven-3.9.6\repo\org\springframework\data\spring-data-jpa\3.1.3\spring-data-jpa-3.1.3.jar;E:\maven\apache-maven-3.9.6-bin\apache-maven-3.9.6\repo\org\springframework\data\spring-data-commons\3.1.3\spring-data-commons-3.1.3.jar;E:\maven\apache-maven-3.9.6-bin\apache-maven-3.9.6\repo\org\springframework\spring-orm\6.0.11\spring-orm-6.0.11.jar;E:\maven\apache-maven-3.9.6-bin\apache-maven-3.9.6\repo\org\springframework\spring-context\6.0.11\spring-context-6.0.11.jar;E:\maven\apache-maven-3.9.6-bin\apache-maven-3.9.6\repo\org\springframework\spring-tx\6.0.11\spring-tx-6.0.11.jar;E:\maven\apache-maven-3.9.6-bin\apache-maven-3.9.6\repo\org\springframework\spring-beans\6.0.11\spring-beans-6.0.11.jar;E:\maven\apache-maven-3.9.6-bin\apache-maven-3.9.6\repo\jakarta\annotation\jakarta.annotation-api\2.1.1\jakarta.annotation-api-2.1.1.jar;E:\maven\apache-maven-3.9.6-bin\apache-maven-3.9.6\repo\org\slf4j\slf4j-api\2.0.7\slf4j-api-2.0.7.jar;E:\maven\apache-maven-3.9.6-bin\apache-maven-3.9.6\repo\org\springframework\spring-aspects\6.0.11\spring-aspects-6.0.11.jar;E:\maven\apache-maven-3.9.6-bin\apache-maven-3.9.6\repo\org\springframework\boot\spring-boot-starter-web\3.1.3\spring-boot-starter-web-3.1.3.jar;E:\maven\apache-maven-3.9.6-bin\apache-maven-3.9.6\repo\org\springframework\boot\spring-boot-starter\3.1.3\spring-boot-starter-3.1.3.jar;E:\maven\apache-maven-3.9.6-bin\apache-maven-3.9.6\repo\org\springframework\boot\spring-boot\3.1.3\spring-boot-3.1.3.jar;E:\maven\apache-maven-3.9.6-bin\apache-maven-3.9.6\repo\org\springframework\boot\spring-boot-autoconfigure\3.1.3\spring-boot-autoconfigure-3.1.3.jar;E:\maven\apache-maven-3.9.6-bin\apache-maven-3.9.6\repo\org\springframework\boot\spring-boot-starter-logging\3.1.3\spring-boot-starter-logging-3.1.3.jar;E:\maven\apache-maven-3.9.6-bin\apache-maven-3.9.6\repo\ch\qos\logback\logback-classic\1.4.11\logback-classic-1.4.11.jar;E:\maven\apache-maven-3.9.6-bin\apache-maven-3.9.6\repo\ch\qos\logback\logback-core\1.4.11\logback-core-1.4.11.jar;E:\maven\apache-maven-3.9.6-bin\apache-maven-3.9.6\repo\org\apache\logging\log4j\log4j-to-slf4j\2.20.0\log4j-to-slf4j-2.20.0.jar;E:\maven\apache-maven-3.9.6-bin\apache-maven-3.9.6\repo\org\apache\logging\log4j\log4j-api\2.20.0\log4j-api-2.20.0.jar;E:\maven\apache-maven-3.9.6-bin\apache-maven-3.9.6\repo\org\slf4j\jul-to-slf4j\2.0.7\jul-to-slf4j-2.0.7.jar;E:\maven\apache-maven-3.9.6-bin\apache-maven-3.9.6\repo\org\yaml\snakeyaml\1.33\snakeyaml-1.33.jar;E:\maven\apache-maven-3.9.6-bin\apache-maven-3.9.6\repo\org\springframework\boot\spring-boot-starter-json\3.1.3\spring-boot-starter-json-3.1.3.jar;E:\maven\apache-maven-3.9.6-bin\apache-maven-3.9.6\repo\com\fasterxml\jackson\datatype\jackson-datatype-jdk8\2.15.2\jackson-datatype-jdk8-2.15.2.jar;E:\maven\apache-maven-3.9.6-bin\apache-maven-3.9.6\repo\com\fasterxml\jackson\datatype\jackson-datatype-jsr310\2.15.2\jackson-datatype-jsr310-2.15.2.jar;E:\maven\apache-maven-3.9.6-bin\apache-maven-3.9.6\repo\com\fasterxml\jackson\module\jackson-module-parameter-names\2.15.2\jackson-module-parameter-names-2.15.2.jar;E:\maven\apache-maven-3.9.6-bin\apache-maven-3.9.6\repo\org\springframework\boot\spring-boot-starter-tomcat\3.1.3\spring-boot-starter-tomcat-3.1.3.jar;E:\maven\apache-maven-3.9.6-bin\apache-maven-3.9.6\repo\org\apache\tomcat\embed\tomcat-embed-core\10.1.12\tomcat-embed-core-10.1.12.jar;E:\maven\apache-maven-3.9.6-bin\apache-maven-3.9.6\repo\org\apache\tomcat\embed\tomcat-embed-el\10.1.12\tomcat-embed-el-10.1.12.jar;E:\maven\apache-maven-3.9.6-bin\apache-maven-3.9.6\repo\org\apache\tomcat\embed\tomcat-embed-websocket\10.1.12\tomcat-embed-websocket-10.1.12.jar;E:\maven\apache-maven-3.9.6-bin\apache-maven-3.9.6\repo\org\springframework\spring-web\6.0.11\spring-web-6.0.11.jar;E:\maven\apache-maven-3.9.6-bin\apache-maven-3.9.6\repo\io\micrometer\micrometer-observation\1.11.3\micrometer-observation-1.11.3.jar;E:\maven\apache-maven-3.9.6-bin\apache-maven-3.9.6\repo\io\micrometer\micrometer-commons\1.11.3\micrometer-commons-1.11.3.jar;E:\maven\apache-maven-3.9.6-bin\apache-maven-3.9.6\repo\org\springframework\spring-webmvc\6.0.11\spring-webmvc-6.0.11.jar;E:\maven\apache-maven-3.9.6-bin\apache-maven-3.9.6\repo\org\springframework\spring-expression\6.0.11\spring-expression-6.0.11.jar;E:\maven\apache-maven-3.9.6-bin\apache-maven-3.9.6\repo\com\mysql\mysql-connector-j\8.0.33\mysql-connector-j-8.0.33.jar;E:\maven\apache-maven-3.9.6-bin\apache-maven-3.9.6\repo\org\projectlombok\lombok\1.18.30\lombok-1.18.30.jar;E:\maven\apache-maven-3.9.6-bin\apache-maven-3.9.6\repo\org\springframework\boot\spring-boot-starter-test\3.1.3\spring-boot-starter-test-3.1.3.jar;E:\maven\apache-maven-3.9.6-bin\apache-maven-3.9.6\repo\org\springframework\boot\spring-boot-test\3.1.3\spring-boot-test-3.1.3.jar;E:\maven\apache-maven-3.9.6-bin\apache-maven-3.9.6\repo\org\springframework\boot\spring-boot-test-autoconfigure\3.1.3\spring-boot-test-autoconfigure-3.1.3.jar;E:\maven\apache-maven-3.9.6-bin\apache-maven-3.9.6\repo\com\jayway\jsonpath\json-path\2.8.0\json-path-2.8.0.jar;E:\maven\apache-maven-3.9.6-bin\apache-maven-3.9.6\repo\jakarta\xml\bind\jakarta.xml.bind-api\4.0.0\jakarta.xml.bind-api-4.0.0.jar;E:\maven\apache-maven-3.9.6-bin\apache-maven-3.9.6\repo\jakarta\activation\jakarta.activation-api\2.1.2\jakarta.activation-api-2.1.2.jar;E:\maven\apache-maven-3.9.6-bin\apache-maven-3.9.6\repo\net\minidev\json-smart\2.4.11\json-smart-2.4.11.jar;E:\maven\apache-maven-3.9.6-bin\apache-maven-3.9.6\repo\net\minidev\accessors-smart\2.4.11\accessors-smart-2.4.11.jar;E:\maven\apache-maven-3.9.6-bin\apache-maven-3.9.6\repo\org\ow2\asm\asm\9.3\asm-9.3.jar;E:\maven\apache-maven-3.9.6-bin\apache-maven-3.9.6\repo\org\assertj\assertj-core\3.24.2\assertj-core-3.24.2.jar;E:\maven\apache-maven-3.9.6-bin\apache-maven-3.9.6\repo\org\hamcrest\hamcrest\2.2\hamcrest-2.2.jar;E:\maven\apache-maven-3.9.6-bin\apache-maven-3.9.6\repo\org\junit\jupiter\junit-jupiter\5.9.3\junit-jupiter-5.9.3.jar;E:\maven\apache-maven-3.9.6-bin\apache-maven-3.9.6\repo\org\junit\jupiter\junit-jupiter-api\5.9.3\junit-jupiter-api-5.9.3.jar;E:\maven\apache-maven-3.9.6-bin\apache-maven-3.9.6\repo\org\opentest4j\opentest4j\1.2.0\opentest4j-1.2.0.jar;E:\maven\apache-maven-3.9.6-bin\apache-maven-3.9.6\repo\org\junit\platform\junit-platform-commons\1.9.3\junit-platform-commons-1.9.3.jar;E:\maven\apache-maven-3.9.6-bin\apache-maven-3.9.6\repo\org\apiguardian\apiguardian-api\1.1.2\apiguardian-api-1.1.2.jar;E:\maven\apache-maven-3.9.6-bin\apache-maven-3.9.6\repo\org\junit\jupiter\junit-jupiter-params\5.9.3\junit-jupiter-params-5.9.3.jar;E:\maven\apache-maven-3.9.6-bin\apache-maven-3.9.6\repo\org\junit\jupiter\junit-jupiter-engine\5.9.3\junit-jupiter-engine-5.9.3.jar;E:\maven\apache-maven-3.9.6-bin\apache-maven-3.9.6\repo\org\junit\platform\junit-platform-engine\1.9.3\junit-platform-engine-1.9.3.jar;E:\maven\apache-maven-3.9.6-bin\apache-maven-3.9.6\repo\org\mockito\mockito-core\5.3.1\mockito-core-5.3.1.jar;E:\maven\apache-maven-3.9.6-bin\apache-maven-3.9.6\repo\net\bytebuddy\byte-buddy-agent\1.14.6\byte-buddy-agent-1.14.6.jar;E:\maven\apache-maven-3.9.6-bin\apache-maven-3.9.6\repo\org\objenesis\objenesis\3.3\objenesis-3.3.jar;E:\maven\apache-maven-3.9.6-bin\apache-maven-3.9.6\repo\org\mockito\mockito-junit-jupiter\5.3.1\mockito-junit-jupiter-5.3.1.jar;E:\maven\apache-maven-3.9.6-bin\apache-maven-3.9.6\repo\org\skyscreamer\jsonassert\1.5.1\jsonassert-1.5.1.jar;E:\maven\apache-maven-3.9.6-bin\apache-maven-3.9.6\repo\com\vaadin\external\google\android-json\0.0.20131108.vaadin1\android-json-0.0.20131108.vaadin1.jar;E:\maven\apache-maven-3.9.6-bin\apache-maven-3.9.6\repo\org\springframework\spring-core\6.0.11\spring-core-6.0.11.jar;E:\maven\apache-maven-3.9.6-bin\apache-maven-3.9.6\repo\org\springframework\spring-jcl\6.0.11\spring-jcl-6.0.11.jar;E:\maven\apache-maven-3.9.6-bin\apache-maven-3.9.6\repo\org\springframework\spring-test\6.0.11\spring-test-6.0.11.jar;E:\maven\apache-maven-3.9.6-bin\apache-maven-3.9.6\repo\org\xmlunit\xmlunit-core\2.9.1\xmlunit-core-2.9.1.jar;E:\maven\apache-maven-3.9.6-bin\apache-maven-3.9.6\repo\org\springframework\boot\spring-boot-starter-security\3.1.3\spring-boot-starter-security-3.1.3.jar;E:\maven\apache-maven-3.9.6-bin\apache-maven-3.9.6\repo\org\springframework\spring-aop\6.0.11\spring-aop-6.0.11.jar;E:\maven\apache-maven-3.9.6-bin\apache-maven-3.9.6\repo\org\springframework\security\spring-security-config\6.1.3\spring-security-config-6.1.3.jar;E:\maven\apache-maven-3.9.6-bin\apache-maven-3.9.6\repo\org\springframework\security\spring-security-web\6.1.3\spring-security-web-6.1.3.jar;E:\maven\apache-maven-3.9.6-bin\apache-maven-3.9.6\repo\io\jsonwebtoken\jjwt-api\0.11.5\jjwt-api-0.11.5.jar;E:\maven\apache-maven-3.9.6-bin\apache-maven-3.9.6\repo\io\jsonwebtoken\jjwt-impl\0.11.5\jjwt-impl-0.11.5.jar;E:\maven\apache-maven-3.9.6-bin\apache-maven-3.9.6\repo\io\jsonwebtoken\jjwt-jackson\0.11.5\jjwt-jackson-0.11.5.jar;E:\maven\apache-maven-3.9.6-bin\apache-maven-3.9.6\repo\com\fasterxml\jackson\core\jackson-databind\2.15.2\jackson-databind-2.15.2.jar;E:\maven\apache-maven-3.9.6-bin\apache-maven-3.9.6\repo\com\fasterxml\jackson\core\jackson-annotations\2.15.2\jackson-annotations-2.15.2.jar;E:\maven\apache-maven-3.9.6-bin\apache-maven-3.9.6\repo\com\fasterxml\jackson\core\jackson-core\2.15.2\jackson-core-2.15.2.jar;E:\maven\apache-maven-3.9.6-bin\apache-maven-3.9.6\repo\org\springframework\security\spring-security-test\6.1.3\spring-security-test-6.1.3.jar;E:\maven\apache-maven-3.9.6-bin\apache-maven-3.9.6\repo\org\springframework\security\spring-security-core\6.1.3\spring-security-core-6.1.3.jar;E:\maven\apache-maven-3.9.6-bin\apache-maven-3.9.6\repo\org\springframework\security\spring-security-crypto\6.1.3\spring-security-crypto-6.1.3.jar;E:\maven\apache-maven-3.9.6-bin\apache-maven-3.9.6\repo\com\cloudinary\cloudinary-http44\1.33.0\cloudinary-http44-1.33.0.jar;E:\maven\apache-maven-3.9.6-bin\apache-maven-3.9.6\repo\com\cloudinary\cloudinary-core\1.33.0\cloudinary-core-1.33.0.jar;E:\maven\apache-maven-3.9.6-bin\apache-maven-3.9.6\repo\org\apache\commons\commons-lang3\3.12.0\commons-lang3-3.12.0.jar;E:\maven\apache-maven-3.9.6-bin\apache-maven-3.9.6\repo\org\apache\httpcomponents\httpclient\4.4\httpclient-4.4.jar;E:\maven\apache-maven-3.9.6-bin\apache-maven-3.9.6\repo\org\apache\httpcomponents\httpcore\4.4.16\httpcore-4.4.16.jar;E:\maven\apache-maven-3.9.6-bin\apache-maven-3.9.6\repo\commons-logging\commons-logging\1.2\commons-logging-1.2.jar;E:\maven\apache-maven-3.9.6-bin\apache-maven-3.9.6\repo\commons-codec\commons-codec\1.15\commons-codec-1.15.jar;E:\maven\apache-maven-3.9.6-bin\apache-maven-3.9.6\repo\org\apache\httpcomponents\httpmime\4.4\httpmime-4.4.jar;E:\maven\apache-maven-3.9.6-bin\apache-maven-3.9.6\repo\org\postgresql\postgresql\42.6.0\postgresql-42.6.0.jar;E:\maven\apache-maven-3.9.6-bin\apache-maven-3.9.6\repo\org\checkerframework\checker-qual\3.31.0\checker-qual-3.31.0.jar;E:\maven\apache-maven-3.9.6-bin\apache-maven-3.9.6\repo\org\springframework\boot\spring-boot-starter-mail\3.1.3\spring-boot-starter-mail-3.1.3.jar;E:\maven\apache-maven-3.9.6-bin\apache-maven-3.9.6\repo\org\springframework\spring-context-support\6.0.11\spring-context-support-6.0.11.jar;E:\maven\apache-maven-3.9.6-bin\apache-maven-3.9.6\repo\org\eclipse\angus\jakarta.mail\1.1.0\jakarta.mail-1.1.0.jar;E:\maven\apache-maven-3.9.6-bin\apache-maven-3.9.6\repo\org\eclipse\angus\angus-activation\2.0.1\angus-activation-2.0.1.jar;"/>
    <property name="sun.cpu.endian" value="little"/>
    <property name="user.home" value="C:\Users\kashyap.rajodiya"/>
    <property name="user.language" value="en"/>
    <property name="java.specification.vendor" value="Oracle Corporation"/>
    <property name="java.version.date" value="2023-10-17"/>
    <property name="java.home" value="C:\Program Files\Java\jdk-21"/>
    <property name="file.separator" value="\"/>
    <property name="basedir" value="F:\BlogApp-Springboot-React-blushie\BlogApp-Springboot-React-blushie\blog-app-backend"/>
    <property name="java.vm.compressedOopsMode" value="Zero based"/>
    <property name="line.separator" value="&#10;"/>
    <property name="java.vm.specification.vendor" value="Oracle Corporation"/>
    <property name="java.specification.name" value="Java Platform API Specification"/>
    <property name="FILE_LOG_CHARSET" value="UTF-8"/>
    <property name="java.awt.headless" value="true"/>
    <property name="surefire.real.class.path" value="C:\Users\kashyap.rajodiya\AppData\Local\Temp\surefire6965875418121109205\surefirebooter-20240228162116586_3.jar"/>
    <property name="user.script" value=""/>
    <property name="sun.management.compiler" value="HotSpot 64-Bit Tiered Compilers"/>
    <property name="java.runtime.version" value="21.0.1+12-LTS-29"/>
    <property name="user.name" value="kashyap.rajodiya"/>
    <property name="stdout.encoding" value="Cp1252"/>
    <property name="path.separator" value=";"/>
    <property name="os.version" value="10.0"/>
    <property name="java.runtime.name" value="Java(TM) SE Runtime Environment"/>
    <property name="file.encoding" value="UTF-8"/>
    <property name="java.vm.name" value="Java HotSpot(TM) 64-Bit Server VM"/>
    <property name="localRepository" value="E:\maven\apache-maven-3.9.6-bin\apache-maven-3.9.6\repo"/>
    <property name="java.vendor.url.bug" value="https://bugreport.java.com/bugreport/"/>
    <property name="java.io.tmpdir" value="C:\Users\KASHYA~1.RAJ\AppData\Local\Temp\"/>
    <property name="com.zaxxer.hikari.pool_number" value="1"/>
    <property name="java.version" value="21.0.1"/>
    <property name="user.dir" value="F:\BlogApp-Springboot-React-blushie\BlogApp-Springboot-React-blushie\blog-app-backend"/>
    <property name="os.arch" value="amd64"/>
    <property name="java.vm.specification.name" value="Java Virtual Machine Specification"/>
    <property name="PID" value="13524"/>
    <property name="sun.os.patch.level" value=""/>
    <property name="CONSOLE_LOG_CHARSET" value="UTF-8"/>
    <property name="native.encoding" value="Cp1252"/>
    <property name="java.library.path" value="C:\Program Files\Java\jdk-21\bin;C:\Windows\Sun\Java\bin;C:\Windows\system32;C:\Windows;C:\Python312\Scripts\;C:\Python312\;C:\Program Files\Common Files\Oracle\Java\javapath;C:\Program Files (x86)\Common Files\Intel\Shared Libraries\redist\intel64\compiler;C:\Windows\system32;C:\Windows;C:\Windows\System32\Wbem;C:\Windows\System32\WindowsPowerShell\v1.0\;C:\Windows\System32\OpenSSH\;C:\Program Files\Java\jdk-21\bin;E:\maven\apache-maven-3.9.6-bin\apache-maven-3.9.6\bin;E:\node_modules\npm\bin;C:\ProgramData\chocolatey\bin;C:\Users\kashyap.rajodiya\AppData\Roaming\nvm;C:\Program Files\nodejs;C:\Program Files\dotnet\;C:\Program Files\Microsoft SQL Server\150\Tools\Binn\;C:\Program Files\Microsoft SQL Server\Client SDK\ODBC\170\Tools\Binn\;C:\Users\kashyap.rajodiya\AppData\Local\Microsoft\WindowsApps;C:\Users\kashyap.rajodiya\AppData\Local\Programs\Git\cmd;C:\Users\kashyap.rajodiya\AppData\Local\JetBrains\IntelliJ IDEA 2023.2.5\bin;;E:\Microsoft VS Code\bin;C:\Users\kashyap.rajodiya\AppData\Roaming\npm;C:\Users\kashyap.rajodiya\.dotnet\tools;."/>
    <property name="java.vm.info" value="mixed mode, sharing"/>
    <property name="stderr.encoding" value="Cp1252"/>
    <property name="java.vendor" value="Oracle Corporation"/>
    <property name="java.vm.version" value="21.0.1+12-LTS-29"/>
    <property name="sun.io.unicode.encoding" value="UnicodeLittle"/>
    <property name="java.class.version" value="65.0"/>
  </properties>
  <testcase name="contextLoads" classname="com.testproject.blogapp.BlogAppApplicationTests" time="0.587">
    <system-out><![CDATA[16:21:17.788 [main] INFO org.springframework.test.context.support.AnnotationConfigContextLoaderUtils -- Could not detect default configuration classes for test class [com.testproject.blogapp.BlogAppApplicationTests]: BlogAppApplicationTests does not declare any static, non-private, non-final, nested classes annotated with @Configuration.
16:21:18.018 [main] INFO org.springframework.boot.test.context.SpringBootTestContextBootstrapper -- Found @SpringBootConfiguration com.testproject.blogapp.BlogAppApplication for test class com.testproject.blogapp.BlogAppApplicationTests

  .   ____          _            __ _ _
 /\\ / ___'_ __ _ _(_)_ __  __ _ \ \ \ \
( ( )\___ | '_ | '_| | '_ \/ _` | \ \ \ \
 \\/  ___)| |_)| | | | | || (_| |  ) ) ) )
  '  |____| .__|_| |_|_| |_\__, | / / / /
 =========|_|==============|___/=/_/_/_/
 :: Spring Boot ::                (v3.1.3)

2024-02-28T16:21:18.840+05:30  INFO 13524 --- [           main] c.t.blogapp.BlogAppApplicationTests      : Starting BlogAppApplicationTests using Java 21.0.1 with PID 13524 (started by kashyap.rajodiya in F:\BlogApp-Springboot-React-blushie\BlogApp-Springboot-React-blushie\blog-app-backend)
2024-02-28T16:21:18.841+05:30  INFO 13524 --- [           main] c.t.blogapp.BlogAppApplicationTests      : No active profile set, falling back to 1 default profile: "default"
2024-02-28T16:21:20.468+05:30  INFO 13524 --- [           main] .s.d.r.c.RepositoryConfigurationDelegate : Bootstrapping Spring Data JPA repositories in DEFAULT mode.
2024-02-28T16:21:20.610+05:30  INFO 13524 --- [           main] .s.d.r.c.RepositoryConfigurationDelegate : Finished Spring Data repository scanning in 110 ms. Found 9 JPA repository interfaces.
2024-02-28T16:21:21.696+05:30  INFO 13524 --- [           main] o.hibernate.jpa.internal.util.LogHelper  : HHH000204: Processing PersistenceUnitInfo [name: default]
2024-02-28T16:21:21.996+05:30  INFO 13524 --- [           main] org.hibernate.Version                    : HHH000412: Hibernate ORM core version 6.2.7.Final
2024-02-28T16:21:22.001+05:30  INFO 13524 --- [           main] org.hibernate.cfg.Environment            : HHH000406: Using bytecode reflection optimizer
2024-02-28T16:21:22.483+05:30  INFO 13524 --- [           main] o.h.b.i.BytecodeProviderInitiator        : HHH000021: Bytecode provider name : bytebuddy
2024-02-28T16:21:22.771+05:30  INFO 13524 --- [           main] o.s.o.j.p.SpringPersistenceUnitInfo      : No LoadTimeWeaver setup: ignoring JPA class transformer
2024-02-28T16:21:22.822+05:30  INFO 13524 --- [           main] com.zaxxer.hikari.HikariDataSource       : HikariPool-1 - Starting...
2024-02-28T16:21:25.671+05:30  INFO 13524 --- [           main] com.zaxxer.hikari.pool.HikariPool        : HikariPool-1 - Added connection org.postgresql.jdbc.PgConnection@4e2cdc51
2024-02-28T16:21:25.673+05:30  INFO 13524 --- [           main] com.zaxxer.hikari.HikariDataSource       : HikariPool-1 - Start completed.
2024-02-28T16:21:26.993+05:30  INFO 13524 --- [           main] o.h.b.i.BytecodeProviderInitiator        : HHH000021: Bytecode provider name : bytebuddy
2024-02-28T16:21:28.335+05:30  INFO 13524 --- [           main] o.h.e.t.j.p.i.JtaPlatformInitiator       : HHH000490: Using JtaPlatform implementation: [org.hibernate.engine.transaction.jta.platform.internal.NoJtaPlatform]
Hibernate: alter table if exists user_entity alter column otp_expiration set data type timestamp(6)
2024-02-28T16:21:41.178+05:30  INFO 13524 --- [           main] j.LocalContainerEntityManagerFactoryBean : Initialized JPA EntityManagerFactory for persistence unit 'default'
2024-02-28T16:21:41.772+05:30  INFO 13524 --- [           main] o.s.d.j.r.query.QueryEnhancerFactory     : Hibernate is in classpath; If applicable, HQL parser will be used.
2024-02-28T16:21:42.674+05:30  WARN 13524 --- [           main] JpaBaseConfiguration$JpaWebConfiguration : spring.jpa.open-in-view is enabled by default. Therefore, database queries may be performed during view rendering. Explicitly configure spring.jpa.open-in-view to disable this warning
2024-02-28T16:21:42.878+05:30  INFO 13524 --- [           main] o.s.s.web.DefaultSecurityFilterChain     : Will secure any request with [org.springframework.security.web.session.DisableEncodeUrlFilter@18f919ce, org.springframework.security.web.session.ForceEagerSessionCreationFilter@4dea763c, org.springframework.security.web.context.request.async.WebAsyncManagerIntegrationFilter@26f50a28, org.springframework.security.web.context.SecurityContextHolderFilter@14d43f13, org.springframework.security.web.header.HeaderWriterFilter@7d412ab5, org.springframework.web.filter.CorsFilter@3d41881, org.springframework.security.web.authentication.logout.LogoutFilter@13835bdc, com.testproject.blogapp.config.JwtAuthenticationFilter@49231d79, org.springframework.security.web.savedrequest.RequestCacheAwareFilter@748015f8, org.springframework.security.web.servletapi.SecurityContextHolderAwareRequestFilter@140e003e, org.springframework.security.web.authentication.AnonymousAuthenticationFilter@111ae918, org.springframework.security.web.session.SessionManagementFilter@6cf47d05, org.springframework.security.web.access.ExceptionTranslationFilter@45382749, org.springframework.security.web.access.intercept.AuthorizationFilter@71549247]
2024-02-28T16:21:43.603+05:30  INFO 13524 --- [           main] c.t.blogapp.BlogAppApplicationTests      : Started BlogAppApplicationTests in 25.261 seconds (process running for 26.913)
Hibernate: select u1_0.id,u1_0.email,u1_0.name,u1_0.otp,u1_0.otp_expiration,u1_0.password,u1_0.role,u1_0.status from user_entity u1_0 where u1_0.email=?
]]></system-out>
    <system-err><![CDATA[WARNING: A Java agent has been loaded dynamically (E:\maven\apache-maven-3.9.6-bin\apache-maven-3.9.6\repo\net\bytebuddy\byte-buddy-agent\1.14.6\byte-buddy-agent-1.14.6.jar)
WARNING: If a serviceability tool is in use, please run with -XX:+EnableDynamicAgentLoading to hide this warning
WARNING: If a serviceability tool is not in use, please run with -Djdk.instrument.traceUsage for more information
WARNING: Dynamic loading of agents will be disallowed by default in a future release
]]></system-err>
  </testcase>
</testsuite>